android-app/app/build/intermediates/manifest_merge_blame_file/release/processReleaseMainManifest/manifest-merger-blame-release-report.txt
1<?xml version="1.0" encoding="utf-8"?>
2<manifest xmlns:android="http://schemas.android.com/apk/res/android"
3    package="com.jay.movie"
4    android:versionCode="2"
5    android:versionName="1.1" >
6
7    <uses-sdk
8        android:minSdkVersion="21"
9        android:targetSdkVersion="34" />
10
11    <uses-permission android:name="android.permission.INTERNET" />
11-->src/main/AndroidManifest.xml:4:5-67
11-->src/main/AndroidManifest.xml:4:22-64
12    <uses-permission android:name="android.permission.ACCESS_NETWORK_STATE" />
12-->src/main/AndroidManifest.xml:5:5-79
12-->src/main/AndroidManifest.xml:5:22-76
13
14    <application
14-->src/main/AndroidManifest.xml:7:5-35:19
15        android:name="com.jay.movie.App"
15-->src/main/AndroidManifest.xml:8:9-28
16        android:allowBackup="true"
16-->src/main/AndroidManifest.xml:9:9-35
17        android:extractNativeLibs="true"
18        android:hardwareAccelerated="true"
18-->src/main/AndroidManifest.xml:12:9-43
19        android:icon="@mipmap/ic_launcher"
19-->src/main/AndroidManifest.xml:10:9-43
20        android:label="@string/app_name"
20-->src/main/AndroidManifest.xml:11:9-41
21        android:theme="@style/AppTheme"
21-->src/main/AndroidManifest.xml:14:9-40
22        android:usesCleartextTraffic="true" >
22-->src/main/AndroidManifest.xml:13:9-44
23        <activity
23-->src/main/AndroidManifest.xml:16:9-25:20
24            android:name="com.jay.movie.MainActivity"
24-->src/main/AndroidManifest.xml:17:13-41
25            android:configChanges="orientation|screenSize|keyboardHidden"
25-->src/main/AndroidManifest.xml:20:13-74
26            android:exported="true"
26-->src/main/AndroidManifest.xml:18:13-36
27            android:launchMode="singleTask" >
27-->src/main/AndroidManifest.xml:19:13-44
28            <intent-filter>
28-->src/main/AndroidManifest.xml:21:13-24:29
29                <action android:name="android.intent.action.MAIN" />
29-->src/main/AndroidManifest.xml:22:17-69
29-->src/main/AndroidManifest.xml:22:25-66
30
31                <category android:name="android.intent.category.LAUNCHER" />
31-->src/main/AndroidManifest.xml:23:17-77
31-->src/main/AndroidManifest.xml:23:27-74
32            </intent-filter>
33        </activity>
34        <activity
34-->src/main/AndroidManifest.xml:27:9-29:77
35            android:name="com.jay.movie.DetailActivity"
35-->src/main/AndroidManifest.xml:28:13-43
36            android:configChanges="orientation|screenSize|keyboardHidden" />
36-->src/main/AndroidManifest.xml:29:13-74
37        <activity
37-->src/main/AndroidManifest.xml:31:9-34:55
38            android:name="com.jay.movie.PlayerActivity"
38-->src/main/AndroidManifest.xml:32:13-43
39            android:configChanges="orientation|screenSize|keyboardHidden|screenLayout"
39-->src/main/AndroidManifest.xml:33:13-87
40            android:supportsPictureInPicture="true" />
40-->src/main/AndroidManifest.xml:34:13-52
41    </application>
42
43</manifest>